<?xml version="1.0" encoding="UTF-8"?>
<robot generator="Robot 3.2.2 (Python 3.7.9 on win32)" generated="20201022 19:56:16.441" rpa="false">
<suite id="s1" name="Test1" source="C:\Users\Dell\PycharmProject\RobotWebAutomation\TestCases\Test1.robot">
<test id="s1-t1" name="Navigate To Site:">
<kw name="Open Browser" library="SeleniumLibrary">
<doc>Opens a new browser instance to the optional ``url``.</doc>
<arguments>
<arg>https://www.gmail.com</arg>
<arg>chrome</arg>
</arguments>
<msg timestamp="20201022 19:56:16.759" level="INFO">Opening browser 'chrome' to base url 'https://www.gmail.com'.</msg>
<status status="PASS" starttime="20201022 19:56:16.759" endtime="20201022 19:56:23.629"></status>
</kw>
<kw name="Close Browser" library="SeleniumLibrary">
<doc>Closes the current browser.</doc>
<status status="PASS" starttime="20201022 19:56:23.630" endtime="20201022 19:56:25.819"></status>
</kw>
<kw name="Open Browser" library="SeleniumLibrary">
<doc>Opens a new browser instance to the optional ``url``.</doc>
<arguments>
<arg>https://www.gmail.com</arg>
<arg>firefox</arg>
</arguments>
<msg timestamp="20201022 19:56:25.819" level="INFO">Opening browser 'firefox' to base url 'https://www.gmail.com'.</msg>
<msg timestamp="20201022 19:56:25.819" level="INFO">Firefox driver log is always forced to to: C:\Users\Dell\PycharmProject\RobotWebAutomation\TestCases\geckodriver-2.log</msg>
<status status="PASS" starttime="20201022 19:56:25.819" endtime="20201022 19:56:40.965"></status>
</kw>
<kw name="Close Browser" library="SeleniumLibrary">
<doc>Closes the current browser.</doc>
<status status="PASS" starttime="20201022 19:56:40.967" endtime="20201022 19:56:45.642"></status>
</kw>
<status status="PASS" starttime="20201022 19:56:16.758" endtime="20201022 19:56:45.642" critical="yes"></status>
</test>
<status status="PASS" starttime="20201022 19:56:16.444" endtime="20201022 19:56:45.642"></status>
</suite>
<statistics>
<total>
<stat pass="1" fail="0">Critical Tests</stat>
<stat pass="1" fail="0">All Tests</stat>
</total>
<tag>
</tag>
<suite>
<stat pass="1" fail="0" id="s1" name="Test1">Test1</stat>
</suite>
</statistics>
<errors>
</errors>
</robot>
